<?xml version="1.0" encoding="UTF-8"?>
<!-- Generated by org.testng.reporters.JUnitReportReporter -->
<testsuite hostname="DESKTOP-N6KAGOT" failures="0" tests="2" name="Restful_Api.Test_Post" time="4.918" errors="0" timestamp="2021-06-28T14:31:56 EET" skipped="0">
  <testcase classname="Restful_Api.Test_Post" name="Successful_registration" time="4.545"/>
  <system-out/>
  <testcase classname="Restful_Api.Test_Post" name="UNSuccessful_registration" time="0.373"/>
  <system-out/>
</testsuite> <!-- Restful_Api.Test_Post -->
