<?xml version="1.0" encoding="UTF-8"?>
<!-- Generated by org.testng.reporters.JUnitReportReporter -->
<testsuite hostname="DESKTOP-N6KAGOT" failures="0" tests="2" name="Restful_Api.Test_Get" time="4.372" errors="0" timestamp="2021-06-28T14:32:29 EET" skipped="0">
  <testcase classname="Restful_Api.Test_Get" name="List_user" time="3.598"/>
  <system-out/>
  <testcase classname="Restful_Api.Test_Get" name="Single_user_not_fount" time="0.774"/>
  <system-out/>
</testsuite> <!-- Restful_Api.Test_Get -->
